<?xml version="1.0" encoding="UTF-8"?>
<!-- Generated by org.testng.reporters.JUnitXMLReporter -->
<testsuite hostname="Swaroop" ignored="1" name="Default test(failed)(failed)" tests="1" failures="1" timestamp="12 Mar 2019 13:44:24 GMT" time="46.056" errors="0">
  <testcase name="verifyUserNameTest" time="0.009" classname="com.crm.qa.testcases.HomePageTest">
    <failure type="java.lang.NullPointerException">
      <![CDATA[java.lang.NullPointerException
at com.crm.qa.util.TestUtil.switchToFrame(TestUtil.java:16)
at com.crm.qa.testcases.HomePageTest.verifyUserNameTest(HomePageTest.java:38)
... Removed 25 stack frames]]>
    </failure>
  </testcase> <!-- verifyUserNameTest -->
  <testcase name="verifyHomePageTitleTest" time="0.0" classname="com.crm.qa.testcases.HomePageTest">
    <ignored/>
  </testcase> <!-- verifyHomePageTitleTest -->
</testsuite> <!-- Default test(failed)(failed) -->
